{
  "RSpec": {
    "coverage": {
      "/home/SYON.COM/deepak/rails_projects/rspec/spec/controllers/contacts_controller_spec.rb": [
        1,
        null,
        1,
        null,
        1,
        null,
        1,
        1,
        2,
        null,
        null,
        null,
        1,
        1,
        1,
        null,
        null,
        null,
        null,
        null
      ],
      "/home/SYON.COM/deepak/rails_projects/rspec/spec/rails_helper.rb": [
        null,
        1,
        1,
        null,
        1,
        1,
        1,
        null,
        null,
        null,
        null,
        null,
        null,
        null,
        null,
        null,
        null,
        null,
        null,
        null,
        null,
        null,
        2,
        null,
        null,
        null,
        1,
        null,
        1,
        null,
        1,
        null,
        null,
        null,
        null,
        1,
        null,
        null,
        null,
        null,
        null,
        null,
        null,
        null,
        null,
        null,
        null,
        null,
        null,
        null,
        1,
        null,
        null,
        1,
        null,
        null,
        1,
        null,
        null,
        1,
        null,
        1,
        1,
        1,
        1,
        null,
        null
      ],
      "/home/SYON.COM/deepak/rails_projects/rspec/config/environment.rb": [
        null,
        1,
        null,
        null,
        1
      ],
      "/home/SYON.COM/deepak/rails_projects/rspec/config/application.rb": [
        1,
        null,
        1,
        null,
        null,
        null,
        1,
        null,
        1,
        1,
        null,
        null,
        null,
        null,
        null,
        null,
        null,
        null,
        null,
        null,
        null,
        null,
        null,
        1,
        null,
        null
      ],
      "/home/SYON.COM/deepak/rails_projects/rspec/config/boot.rb": [
        1,
        null,
        1
      ],
      "/home/SYON.COM/deepak/rails_projects/rspec/config/environments/test.rb": [
        1,
        null,
        null,
        null,
        null,
        null,
        null,
        1,
        null,
        null,
        null,
        null,
        1,
        null,
        null,
        1,
        1,
        null,
        null,
        1,
        1,
        null,
        null,
        1,
        null,
        null,
        1,
        null,
        null,
        null,
        null,
        1,
        null,
        null,
        1,
        null,
        null,
        1,
        null,
        null,
        null,
        null
      ],
      "/home/SYON.COM/deepak/rails_projects/rspec/config/initializers/assets.rb": [
        null,
        null,
        null,
        1,
        null,
        null,
        null,
        null,
        null,
        null,
        null
      ],
      "/home/SYON.COM/deepak/rails_projects/rspec/config/initializers/backtrace_silencers.rb": [
        null,
        null,
        null,
        null,
        null,
        null,
        null
      ],
      "/home/SYON.COM/deepak/rails_projects/rspec/config/initializers/cookies_serializer.rb": [
        null,
        null,
        1
      ],
      "/home/SYON.COM/deepak/rails_projects/rspec/config/initializers/filter_parameter_logging.rb": [
        null,
        null,
        null,
        1
      ],
      "/home/SYON.COM/deepak/rails_projects/rspec/config/initializers/inflections.rb": [
        null,
        null,
        null,
        null,
        null,
        null,
        null,
        null,
        null,
        null,
        null,
        null,
        null,
        null,
        null,
        null
      ],
      "/home/SYON.COM/deepak/rails_projects/rspec/config/initializers/mime_types.rb": [
        null,
        null,
        null,
        null
      ],
      "/home/SYON.COM/deepak/rails_projects/rspec/config/initializers/session_store.rb": [
        null,
        null,
        1
      ],
      "/home/SYON.COM/deepak/rails_projects/rspec/config/initializers/to_time_preserves_timezone.rb": [
        null,
        null,
        null,
        null,
        null,
        null,
        null,
        null,
        null,
        1
      ],
      "/home/SYON.COM/deepak/rails_projects/rspec/config/initializers/wrap_parameters.rb": [
        null,
        null,
        null,
        null,
        null,
        null,
        1,
        1,
        null,
        null,
        null,
        null,
        null,
        null
      ],
      "/home/SYON.COM/deepak/rails_projects/rspec/spec/factories/contacts.rb": [
        1,
        1,
        3,
        3,
        3,
        3,
        null,
        1,
        1,
        null,
        null
      ],
      "/home/SYON.COM/deepak/rails_projects/rspec/app/models/contact.rb": [
        1,
        1,
        null
      ],
      "/home/SYON.COM/deepak/rails_projects/rspec/config/routes.rb": [
        1,
        null,
        null,
        null,
        null,
        null,
        null,
        null,
        null,
        null,
        null,
        null,
        null,
        null,
        null,
        null,
        null,
        null,
        null,
        null,
        null,
        null,
        null,
        null,
        null,
        null,
        null,
        null,
        null,
        null,
        null,
        null,
        null,
        null,
        null,
        null,
        null,
        null,
        null,
        null,
        null,
        null,
        null,
        null,
        null,
        null,
        null,
        null,
        null,
        null,
        null,
        null,
        null,
        null,
        null,
        null,
        1,
        null
      ],
      "/home/SYON.COM/deepak/rails_projects/rspec/app/helpers/application_helper.rb": [
        1,
        null
      ],
      "/home/SYON.COM/deepak/rails_projects/rspec/app/helpers/contacts_helper.rb": [
        1,
        null
      ],
      "/home/SYON.COM/deepak/rails_projects/rspec/spec/support/factory_girl.rb": [
        null,
        null,
        null,
        null,
        null,
        null,
        null,
        null,
        null,
        null,
        null,
        1,
        1,
        null,
        null,
        null,
        null,
        null,
        null,
        null,
        null,
        null,
        null,
        null,
        null,
        null,
        null,
        null,
        null,
        null,
        null,
        null,
        null,
        null
      ],
      "/home/SYON.COM/deepak/rails_projects/rspec/app/controllers/contacts_controller.rb": [
        1,
        null,
        1,
        0,
        null,
        null,
        1,
        0,
        null,
        null,
        1,
        2,
        null,
        2,
        2,
        4,
        2,
        null,
        0,
        0,
        null,
        null,
        null,
        null,
        1,
        0,
        null,
        null,
        1,
        null,
        1,
        2,
        null,
        null
      ],
      "/home/SYON.COM/deepak/rails_projects/rspec/app/controllers/application_controller.rb": [
        1,
        null,
        null,
        1,
        null
      ]
    },
    "timestamp": 1491554736
  }
}
